<?xml version="1.0" encoding="UTF-8"?>
<testsuite xmlns:xsi="http://www.w3.org/2001/XMLSchema-instance" xsi:noNamespaceSchemaLocation="https://maven.apache.org/surefire/maven-surefire-plugin/xsd/surefire-test-report.xsd" name="com.sam.shirotest.ShiroTestApplicationTests" time="4.192" tests="1" errors="0" skipped="0" failures="0">
  <properties>
    <property name="sun.desktop" value="windows"/>
    <property name="awt.toolkit" value="sun.awt.windows.WToolkit"/>
    <property name="file.encoding.pkg" value="sun.io"/>
    <property name="java.specification.version" value="1.8"/>
    <property name="sun.cpu.isalist" value="amd64"/>
    <property name="sun.jnu.encoding" value="GBK"/>
    <property name="java.class.path" value="P:\myproject\project-practice\spring-security-test\shiro-test\target\test-classes;P:\myproject\project-practice\spring-security-test\shiro-test\target\classes;E:\maven-new\org\springframework\boot\spring-boot-starter-web\2.1.7.RELEASE\spring-boot-starter-web-2.1.7.RELEASE.jar;E:\maven-new\org\springframework\boot\spring-boot-starter\2.1.7.RELEASE\spring-boot-starter-2.1.7.RELEASE.jar;E:\maven-new\org\springframework\boot\spring-boot\2.1.7.RELEASE\spring-boot-2.1.7.RELEASE.jar;E:\maven-new\org\springframework\boot\spring-boot-autoconfigure\2.1.7.RELEASE\spring-boot-autoconfigure-2.1.7.RELEASE.jar;E:\maven-new\org\springframework\boot\spring-boot-starter-logging\2.1.7.RELEASE\spring-boot-starter-logging-2.1.7.RELEASE.jar;E:\maven-new\ch\qos\logback\logback-classic\1.2.3\logback-classic-1.2.3.jar;E:\maven-new\ch\qos\logback\logback-core\1.2.3\logback-core-1.2.3.jar;E:\maven-new\org\apache\logging\log4j\log4j-to-slf4j\2.11.2\log4j-to-slf4j-2.11.2.jar;E:\maven-new\org\apache\logging\log4j\log4j-api\2.11.2\log4j-api-2.11.2.jar;E:\maven-new\org\slf4j\jul-to-slf4j\1.7.26\jul-to-slf4j-1.7.26.jar;E:\maven-new\javax\annotation\javax.annotation-api\1.3.2\javax.annotation-api-1.3.2.jar;E:\maven-new\org\yaml\snakeyaml\1.23\snakeyaml-1.23.jar;E:\maven-new\org\springframework\boot\spring-boot-starter-json\2.1.7.RELEASE\spring-boot-starter-json-2.1.7.RELEASE.jar;E:\maven-new\com\fasterxml\jackson\core\jackson-databind\2.9.9\jackson-databind-2.9.9.jar;E:\maven-new\com\fasterxml\jackson\core\jackson-annotations\2.9.0\jackson-annotations-2.9.0.jar;E:\maven-new\com\fasterxml\jackson\core\jackson-core\2.9.9\jackson-core-2.9.9.jar;E:\maven-new\com\fasterxml\jackson\datatype\jackson-datatype-jdk8\2.9.9\jackson-datatype-jdk8-2.9.9.jar;E:\maven-new\com\fasterxml\jackson\datatype\jackson-datatype-jsr310\2.9.9\jackson-datatype-jsr310-2.9.9.jar;E:\maven-new\com\fasterxml\jackson\module\jackson-module-parameter-names\2.9.9\jackson-module-parameter-names-2.9.9.jar;E:\maven-new\org\springframework\boot\spring-boot-starter-tomcat\2.1.7.RELEASE\spring-boot-starter-tomcat-2.1.7.RELEASE.jar;E:\maven-new\org\apache\tomcat\embed\tomcat-embed-core\9.0.22\tomcat-embed-core-9.0.22.jar;E:\maven-new\org\apache\tomcat\embed\tomcat-embed-el\9.0.22\tomcat-embed-el-9.0.22.jar;E:\maven-new\org\apache\tomcat\embed\tomcat-embed-websocket\9.0.22\tomcat-embed-websocket-9.0.22.jar;E:\maven-new\org\hibernate\validator\hibernate-validator\6.0.17.Final\hibernate-validator-6.0.17.Final.jar;E:\maven-new\javax\validation\validation-api\2.0.1.Final\validation-api-2.0.1.Final.jar;E:\maven-new\org\jboss\logging\jboss-logging\3.3.2.Final\jboss-logging-3.3.2.Final.jar;E:\maven-new\com\fasterxml\classmate\1.4.0\classmate-1.4.0.jar;E:\maven-new\org\springframework\spring-web\5.1.9.RELEASE\spring-web-5.1.9.RELEASE.jar;E:\maven-new\org\springframework\spring-beans\5.1.9.RELEASE\spring-beans-5.1.9.RELEASE.jar;E:\maven-new\org\springframework\spring-webmvc\5.1.9.RELEASE\spring-webmvc-5.1.9.RELEASE.jar;E:\maven-new\org\springframework\spring-aop\5.1.9.RELEASE\spring-aop-5.1.9.RELEASE.jar;E:\maven-new\org\springframework\spring-context\5.1.9.RELEASE\spring-context-5.1.9.RELEASE.jar;E:\maven-new\org\springframework\spring-expression\5.1.9.RELEASE\spring-expression-5.1.9.RELEASE.jar;E:\maven-new\org\springframework\boot\spring-boot-starter-test\2.1.7.RELEASE\spring-boot-starter-test-2.1.7.RELEASE.jar;E:\maven-new\org\springframework\boot\spring-boot-test\2.1.7.RELEASE\spring-boot-test-2.1.7.RELEASE.jar;E:\maven-new\org\springframework\boot\spring-boot-test-autoconfigure\2.1.7.RELEASE\spring-boot-test-autoconfigure-2.1.7.RELEASE.jar;E:\maven-new\com\jayway\jsonpath\json-path\2.4.0\json-path-2.4.0.jar;E:\maven-new\net\minidev\json-smart\2.3\json-smart-2.3.jar;E:\maven-new\net\minidev\accessors-smart\1.2\accessors-smart-1.2.jar;E:\maven-new\org\ow2\asm\asm\5.0.4\asm-5.0.4.jar;E:\maven-new\org\slf4j\slf4j-api\1.7.26\slf4j-api-1.7.26.jar;E:\maven-new\org\assertj\assertj-core\3.11.1\assertj-core-3.11.1.jar;E:\maven-new\org\mockito\mockito-core\2.23.4\mockito-core-2.23.4.jar;E:\maven-new\net\bytebuddy\byte-buddy\1.9.16\byte-buddy-1.9.16.jar;E:\maven-new\net\bytebuddy\byte-buddy-agent\1.9.16\byte-buddy-agent-1.9.16.jar;E:\maven-new\org\objenesis\objenesis\2.6\objenesis-2.6.jar;E:\maven-new\org\hamcrest\hamcrest-core\1.3\hamcrest-core-1.3.jar;E:\maven-new\org\hamcrest\hamcrest-library\1.3\hamcrest-library-1.3.jar;E:\maven-new\org\skyscreamer\jsonassert\1.5.0\jsonassert-1.5.0.jar;E:\maven-new\com\vaadin\external\google\android-json\0.0.20131108.vaadin1\android-json-0.0.20131108.vaadin1.jar;E:\maven-new\org\springframework\spring-core\5.1.9.RELEASE\spring-core-5.1.9.RELEASE.jar;E:\maven-new\org\springframework\spring-jcl\5.1.9.RELEASE\spring-jcl-5.1.9.RELEASE.jar;E:\maven-new\org\springframework\spring-test\5.1.9.RELEASE\spring-test-5.1.9.RELEASE.jar;E:\maven-new\org\xmlunit\xmlunit-core\2.6.3\xmlunit-core-2.6.3.jar;E:\maven-new\org\apache\shiro\shiro-core\1.4.1\shiro-core-1.4.1.jar;E:\maven-new\org\apache\shiro\shiro-lang\1.4.1\shiro-lang-1.4.1.jar;E:\maven-new\org\apache\shiro\shiro-cache\1.4.1\shiro-cache-1.4.1.jar;E:\maven-new\org\apache\shiro\shiro-crypto-hash\1.4.1\shiro-crypto-hash-1.4.1.jar;E:\maven-new\org\apache\shiro\shiro-crypto-core\1.4.1\shiro-crypto-core-1.4.1.jar;E:\maven-new\org\apache\shiro\shiro-crypto-cipher\1.4.1\shiro-crypto-cipher-1.4.1.jar;E:\maven-new\org\apache\shiro\shiro-config-core\1.4.1\shiro-config-core-1.4.1.jar;E:\maven-new\org\apache\shiro\shiro-config-ogdl\1.4.1\shiro-config-ogdl-1.4.1.jar;E:\maven-new\commons-beanutils\commons-beanutils\1.9.3\commons-beanutils-1.9.3.jar;E:\maven-new\commons-collections\commons-collections\3.2.2\commons-collections-3.2.2.jar;E:\maven-new\org\apache\shiro\shiro-event\1.4.1\shiro-event-1.4.1.jar;E:\maven-new\junit\junit\4.13-beta-3\junit-4.13-beta-3.jar;"/>
    <property name="java.vm.vendor" value="Oracle Corporation"/>
    <property name="sun.arch.data.model" value="64"/>
    <property name="user.variant" value=""/>
    <property name="java.vendor.url" value="http://java.oracle.com/"/>
    <property name="user.timezone" value="Asia/Shanghai"/>
    <property name="java.vm.specification.version" value="1.8"/>
    <property name="os.name" value="Windows 7"/>
    <property name="user.country" value="CN"/>
    <property name="sun.java.launcher" value="SUN_STANDARD"/>
    <property name="sun.boot.library.path" value="D:\Program Files\Java\jdk1.8.0_191\jre\bin"/>
    <property name="sun.java.command" value="C:\Users\ADMINI~1\AppData\Local\Temp\surefire1530074250724023890\surefirebooter5112246871873516844.jar C:\Users\Administrator\AppData\Local\Temp\surefire1530074250724023890 2019-08-16T10-53-19_604-jvmRun1 surefire5523462718732689968tmp surefire_0951884727679351426tmp"/>
    <property name="surefire.test.class.path" value="P:\myproject\project-practice\spring-security-test\shiro-test\target\test-classes;P:\myproject\project-practice\spring-security-test\shiro-test\target\classes;E:\maven-new\org\springframework\boot\spring-boot-starter-web\2.1.7.RELEASE\spring-boot-starter-web-2.1.7.RELEASE.jar;E:\maven-new\org\springframework\boot\spring-boot-starter\2.1.7.RELEASE\spring-boot-starter-2.1.7.RELEASE.jar;E:\maven-new\org\springframework\boot\spring-boot\2.1.7.RELEASE\spring-boot-2.1.7.RELEASE.jar;E:\maven-new\org\springframework\boot\spring-boot-autoconfigure\2.1.7.RELEASE\spring-boot-autoconfigure-2.1.7.RELEASE.jar;E:\maven-new\org\springframework\boot\spring-boot-starter-logging\2.1.7.RELEASE\spring-boot-starter-logging-2.1.7.RELEASE.jar;E:\maven-new\ch\qos\logback\logback-classic\1.2.3\logback-classic-1.2.3.jar;E:\maven-new\ch\qos\logback\logback-core\1.2.3\logback-core-1.2.3.jar;E:\maven-new\org\apache\logging\log4j\log4j-to-slf4j\2.11.2\log4j-to-slf4j-2.11.2.jar;E:\maven-new\org\apache\logging\log4j\log4j-api\2.11.2\log4j-api-2.11.2.jar;E:\maven-new\org\slf4j\jul-to-slf4j\1.7.26\jul-to-slf4j-1.7.26.jar;E:\maven-new\javax\annotation\javax.annotation-api\1.3.2\javax.annotation-api-1.3.2.jar;E:\maven-new\org\yaml\snakeyaml\1.23\snakeyaml-1.23.jar;E:\maven-new\org\springframework\boot\spring-boot-starter-json\2.1.7.RELEASE\spring-boot-starter-json-2.1.7.RELEASE.jar;E:\maven-new\com\fasterxml\jackson\core\jackson-databind\2.9.9\jackson-databind-2.9.9.jar;E:\maven-new\com\fasterxml\jackson\core\jackson-annotations\2.9.0\jackson-annotations-2.9.0.jar;E:\maven-new\com\fasterxml\jackson\core\jackson-core\2.9.9\jackson-core-2.9.9.jar;E:\maven-new\com\fasterxml\jackson\datatype\jackson-datatype-jdk8\2.9.9\jackson-datatype-jdk8-2.9.9.jar;E:\maven-new\com\fasterxml\jackson\datatype\jackson-datatype-jsr310\2.9.9\jackson-datatype-jsr310-2.9.9.jar;E:\maven-new\com\fasterxml\jackson\module\jackson-module-parameter-names\2.9.9\jackson-module-parameter-names-2.9.9.jar;E:\maven-new\org\springframework\boot\spring-boot-starter-tomcat\2.1.7.RELEASE\spring-boot-starter-tomcat-2.1.7.RELEASE.jar;E:\maven-new\org\apache\tomcat\embed\tomcat-embed-core\9.0.22\tomcat-embed-core-9.0.22.jar;E:\maven-new\org\apache\tomcat\embed\tomcat-embed-el\9.0.22\tomcat-embed-el-9.0.22.jar;E:\maven-new\org\apache\tomcat\embed\tomcat-embed-websocket\9.0.22\tomcat-embed-websocket-9.0.22.jar;E:\maven-new\org\hibernate\validator\hibernate-validator\6.0.17.Final\hibernate-validator-6.0.17.Final.jar;E:\maven-new\javax\validation\validation-api\2.0.1.Final\validation-api-2.0.1.Final.jar;E:\maven-new\org\jboss\logging\jboss-logging\3.3.2.Final\jboss-logging-3.3.2.Final.jar;E:\maven-new\com\fasterxml\classmate\1.4.0\classmate-1.4.0.jar;E:\maven-new\org\springframework\spring-web\5.1.9.RELEASE\spring-web-5.1.9.RELEASE.jar;E:\maven-new\org\springframework\spring-beans\5.1.9.RELEASE\spring-beans-5.1.9.RELEASE.jar;E:\maven-new\org\springframework\spring-webmvc\5.1.9.RELEASE\spring-webmvc-5.1.9.RELEASE.jar;E:\maven-new\org\springframework\spring-aop\5.1.9.RELEASE\spring-aop-5.1.9.RELEASE.jar;E:\maven-new\org\springframework\spring-context\5.1.9.RELEASE\spring-context-5.1.9.RELEASE.jar;E:\maven-new\org\springframework\spring-expression\5.1.9.RELEASE\spring-expression-5.1.9.RELEASE.jar;E:\maven-new\org\springframework\boot\spring-boot-starter-test\2.1.7.RELEASE\spring-boot-starter-test-2.1.7.RELEASE.jar;E:\maven-new\org\springframework\boot\spring-boot-test\2.1.7.RELEASE\spring-boot-test-2.1.7.RELEASE.jar;E:\maven-new\org\springframework\boot\spring-boot-test-autoconfigure\2.1.7.RELEASE\spring-boot-test-autoconfigure-2.1.7.RELEASE.jar;E:\maven-new\com\jayway\jsonpath\json-path\2.4.0\json-path-2.4.0.jar;E:\maven-new\net\minidev\json-smart\2.3\json-smart-2.3.jar;E:\maven-new\net\minidev\accessors-smart\1.2\accessors-smart-1.2.jar;E:\maven-new\org\ow2\asm\asm\5.0.4\asm-5.0.4.jar;E:\maven-new\org\slf4j\slf4j-api\1.7.26\slf4j-api-1.7.26.jar;E:\maven-new\org\assertj\assertj-core\3.11.1\assertj-core-3.11.1.jar;E:\maven-new\org\mockito\mockito-core\2.23.4\mockito-core-2.23.4.jar;E:\maven-new\net\bytebuddy\byte-buddy\1.9.16\byte-buddy-1.9.16.jar;E:\maven-new\net\bytebuddy\byte-buddy-agent\1.9.16\byte-buddy-agent-1.9.16.jar;E:\maven-new\org\objenesis\objenesis\2.6\objenesis-2.6.jar;E:\maven-new\org\hamcrest\hamcrest-core\1.3\hamcrest-core-1.3.jar;E:\maven-new\org\hamcrest\hamcrest-library\1.3\hamcrest-library-1.3.jar;E:\maven-new\org\skyscreamer\jsonassert\1.5.0\jsonassert-1.5.0.jar;E:\maven-new\com\vaadin\external\google\android-json\0.0.20131108.vaadin1\android-json-0.0.20131108.vaadin1.jar;E:\maven-new\org\springframework\spring-core\5.1.9.RELEASE\spring-core-5.1.9.RELEASE.jar;E:\maven-new\org\springframework\spring-jcl\5.1.9.RELEASE\spring-jcl-5.1.9.RELEASE.jar;E:\maven-new\org\springframework\spring-test\5.1.9.RELEASE\spring-test-5.1.9.RELEASE.jar;E:\maven-new\org\xmlunit\xmlunit-core\2.6.3\xmlunit-core-2.6.3.jar;E:\maven-new\org\apache\shiro\shiro-core\1.4.1\shiro-core-1.4.1.jar;E:\maven-new\org\apache\shiro\shiro-lang\1.4.1\shiro-lang-1.4.1.jar;E:\maven-new\org\apache\shiro\shiro-cache\1.4.1\shiro-cache-1.4.1.jar;E:\maven-new\org\apache\shiro\shiro-crypto-hash\1.4.1\shiro-crypto-hash-1.4.1.jar;E:\maven-new\org\apache\shiro\shiro-crypto-core\1.4.1\shiro-crypto-core-1.4.1.jar;E:\maven-new\org\apache\shiro\shiro-crypto-cipher\1.4.1\shiro-crypto-cipher-1.4.1.jar;E:\maven-new\org\apache\shiro\shiro-config-core\1.4.1\shiro-config-core-1.4.1.jar;E:\maven-new\org\apache\shiro\shiro-config-ogdl\1.4.1\shiro-config-ogdl-1.4.1.jar;E:\maven-new\commons-beanutils\commons-beanutils\1.9.3\commons-beanutils-1.9.3.jar;E:\maven-new\commons-collections\commons-collections\3.2.2\commons-collections-3.2.2.jar;E:\maven-new\org\apache\shiro\shiro-event\1.4.1\shiro-event-1.4.1.jar;E:\maven-new\junit\junit\4.13-beta-3\junit-4.13-beta-3.jar;"/>
    <property name="sun.cpu.endian" value="little"/>
    <property name="user.home" value="C:\Users\Administrator"/>
    <property name="user.language" value="zh"/>
    <property name="java.specification.vendor" value="Oracle Corporation"/>
    <property name="java.home" value="D:\Program Files\Java\jdk1.8.0_191\jre"/>
    <property name="basedir" value="P:\myproject\project-practice\spring-security-test\shiro-test"/>
    <property name="file.separator" value="\"/>
    <property name="line.separator" value="&#10;"/>
    <property name="java.vm.specification.vendor" value="Oracle Corporation"/>
    <property name="java.specification.name" value="Java Platform API Specification"/>
    <property name="java.awt.graphicsenv" value="sun.awt.Win32GraphicsEnvironment"/>
    <property name="surefire.real.class.path" value="C:\Users\ADMINI~1\AppData\Local\Temp\surefire1530074250724023890\surefirebooter5112246871873516844.jar"/>
    <property name="sun.boot.class.path" value="D:\Program Files\Java\jdk1.8.0_191\jre\lib\resources.jar;D:\Program Files\Java\jdk1.8.0_191\jre\lib\rt.jar;D:\Program Files\Java\jdk1.8.0_191\jre\lib\sunrsasign.jar;D:\Program Files\Java\jdk1.8.0_191\jre\lib\jsse.jar;D:\Program Files\Java\jdk1.8.0_191\jre\lib\jce.jar;D:\Program Files\Java\jdk1.8.0_191\jre\lib\charsets.jar;D:\Program Files\Java\jdk1.8.0_191\jre\lib\jfr.jar;D:\Program Files\Java\jdk1.8.0_191\jre\classes"/>
    <property name="user.script" value=""/>
    <property name="sun.management.compiler" value="HotSpot 64-Bit Tiered Compilers"/>
    <property name="java.runtime.version" value="1.8.0_191-b12"/>
    <property name="user.name" value="Administrator"/>
    <property name="path.separator" value=";"/>
    <property name="os.version" value="6.1"/>
    <property name="java.endorsed.dirs" value="D:\Program Files\Java\jdk1.8.0_191\jre\lib\endorsed"/>
    <property name="java.runtime.name" value="Java(TM) SE Runtime Environment"/>
    <property name="file.encoding" value="GBK"/>
    <property name="java.vm.name" value="Java HotSpot(TM) 64-Bit Server VM"/>
    <property name="localRepository" value="E:\maven-new"/>
    <property name="java.vendor.url.bug" value="http://bugreport.sun.com/bugreport/"/>
    <property name="java.io.tmpdir" value="C:\Users\ADMINI~1\AppData\Local\Temp\"/>
    <property name="java.version" value="1.8.0_191"/>
    <property name="user.dir" value="P:\myproject\project-practice\spring-security-test\shiro-test"/>
    <property name="os.arch" value="amd64"/>
    <property name="java.vm.specification.name" value="Java Virtual Machine Specification"/>
    <property name="java.awt.printerjob" value="sun.awt.windows.WPrinterJob"/>
    <property name="idea.version2019.1.3" value="true"/>
    <property name="sun.os.patch.level" value="Service Pack 1"/>
    <property name="java.library.path" value="D:\Program Files\Java\jdk1.8.0_191\jre\bin;C:\Windows\Sun\Java\bin;C:\Windows\system32;C:\Windows;.\;C:\Windows\system32;C:\Windows;C:\Windows\System32\Wbem;C:\Windows\System32\WindowsPowerShell\v1.0\;D:\Program Files\Git\cmd;D:\Program Files\PuTTY\;D:\Program Files\Java\jdk1.8.0_191\bin;D:\apache\apache-maven-3.6.1\bin;C:\Program Files\MySQL\MySQL Server 5.6\bin;C:\Program Files\MongoDB\Server\4.0\bin;:D:\apache\apache-maven-3.6.1\bin;D:\Program Files\TortoiseGit\bin;d:\Program Files (x86)\Microsoft SQL Server\100\Tools\Binn\;d:\Program Files\Microsoft SQL Server\100\Tools\Binn\;d:\Program Files\Microsoft SQL Server\100\DTS\Binn\;D:\Program Files\nodejs\;.;D:\Program Files\visual studio code\Microsoft VS Code\bin;C:\Users\Administrator\AppData\Roaming\npm;."/>
    <property name="java.vm.info" value="mixed mode"/>
    <property name="java.vendor" value="Oracle Corporation"/>
    <property name="java.vm.version" value="25.191-b12"/>
    <property name="java.ext.dirs" value="D:\Program Files\Java\jdk1.8.0_191\jre\lib\ext;C:\Windows\Sun\Java\lib\ext"/>
    <property name="sun.io.unicode.encoding" value="UnicodeLittle"/>
    <property name="java.class.version" value="52.0"/>
  </properties>
  <testcase name="contextLoads" classname="com.sam.shirotest.ShiroTestApplicationTests" time="0.186"/>
</testsuite>